<?xml version="1.0" encoding="UTF-8"?>
<!-- Generated by org.testng.reporters.JUnitReportReporter -->
<testsuite hostname="DESKTOP-K3UR1P3" failures="0" tests="3" name="com.Tests.LoginPageTest" time="7.318" errors="0" timestamp="2022-08-08T23:22:14 EDT" skipped="0">
  <testcase classname="com.Tests.LoginPageTest" name="step02_Click_Continue" time="1.677"/>
  <system-out/>
  <testcase classname="com.Tests.LoginPageTest" name="step01_LaunchApplication_and_skip_presentation" time="1.732"/>
  <system-out/>
  <testcase classname="com.Tests.LoginPageTest" name="step03_enter_your_credentials" time="3.909"/>
  <system-out/>
</testsuite> <!-- com.Tests.LoginPageTest -->
