<?xml version="1.0" encoding="UTF-8"?>
<!-- Generated by org.testng.reporters.JUnitReportReporter -->
<testsuite hostname="DESKTOP-K3UR1P3" failures="0" tests="5" name="com.Tests.UploadSingleVideoTest" time="18.510" errors="1" timestamp="2022-08-09T19:40:58 EDT" skipped="4">
  <testcase classname="com.Tests.UploadSingleVideoTest" name="step03_enter_your_credentials" time="0.000">
    <skipped/>
  </testcase> <!-- step03_enter_your_credentials -->
  <system-out/>
  <testcase classname="com.Tests.UploadSingleVideoTest" name="step01_LaunchApplication_and_skip_presentation" time="0.000">
    <skipped/>
  </testcase> <!-- step01_LaunchApplication_and_skip_presentation -->
  <system-out/>
  <testcase classname="com.Tests.UploadSingleVideoTest" name="step04_uploadingSingleVideo" time="0.000">
    <skipped/>
  </testcase> <!-- step04_uploadingSingleVideo -->
  <system-out/>
  <testcase classname="com.Tests.UploadSingleVideoTest" name="step02_Click_Continue" time="0.001">
    <skipped/>
  </testcase> <!-- step02_Click_Continue -->
  <system-out/>
  <testcase classname="com.Tests.UploadSingleVideoTest" name="startsession" time="18.509">
    <error type="java.lang.NullPointerException">
      <![CDATA[java.lang.NullPointerException
at com.Tests.UploadSingleVideoTest.startsession(UploadSingleVideoTest.java:13)
at java.base/jdk.internal.reflect.NativeMethodAccessorImpl.invoke0(Native Method)
at java.base/jdk.internal.reflect.NativeMethodAccessorImpl.invoke(NativeMethodAccessorImpl.java:62)
at java.base/jdk.internal.reflect.DelegatingMethodAccessorImpl.invoke(DelegatingMethodAccessorImpl.java:43)
at java.base/java.lang.reflect.Method.invoke(Method.java:566)
at org.testng.internal.invokers.MethodInvocationHelper.invokeMethod(MethodInvocationHelper.java:139)
at org.testng.internal.invokers.MethodInvocationHelper.invokeMethodConsideringTimeout(MethodInvocationHelper.java:69)
at org.testng.internal.invokers.ConfigInvoker.invokeConfigurationMethod(ConfigInvoker.java:361)
at org.testng.internal.invokers.ConfigInvoker.invokeConfigurations(ConfigInvoker.java:296)
at org.testng.internal.invokers.TestMethodWorker.invokeBeforeClassMethods(TestMethodWorker.java:180)
at org.testng.internal.invokers.TestMethodWorker.run(TestMethodWorker.java:122)
at java.base/java.util.ArrayList.forEach(ArrayList.java:1541)
at org.testng.TestRunner.privateRun(TestRunner.java:806)
at org.testng.TestRunner.run(TestRunner.java:601)
at org.testng.SuiteRunner.runTest(SuiteRunner.java:433)
at org.testng.SuiteRunner.runSequentially(SuiteRunner.java:427)
at org.testng.SuiteRunner.privateRun(SuiteRunner.java:387)
at org.testng.SuiteRunner.run(SuiteRunner.java:330)
at org.testng.SuiteRunnerWorker.runSuite(SuiteRunnerWorker.java:52)
at org.testng.SuiteRunnerWorker.run(SuiteRunnerWorker.java:95)
at org.testng.TestNG.runSuitesSequentially(TestNG.java:1256)
at org.testng.TestNG.runSuitesLocally(TestNG.java:1176)
at org.testng.TestNG.runSuites(TestNG.java:1099)
at org.testng.TestNG.run(TestNG.java:1067)
at com.intellij.rt.testng.IDEARemoteTestNG.run(IDEARemoteTestNG.java:66)
at com.intellij.rt.testng.RemoteTestNGStarter.main(RemoteTestNGStarter.java:109)
]]>
    </error>
  </testcase> <!-- startsession -->
  <system-out/>
</testsuite> <!-- com.Tests.UploadSingleVideoTest -->
