<?xml version="1.0" encoding="UTF-8"?>
<!-- Generated by org.testng.reporters.JUnitReportReporter -->
<testsuite hostname="DESKTOP-K3UR1P3" failures="0" tests="3" name="com.Tests.LoginPageTest" time="7.165" errors="0" timestamp="2022-08-09T19:40:58 EDT" skipped="0">
  <testcase classname="com.Tests.LoginPageTest" name="step01_LaunchApplication_and_skip_presentation" time="1.838"/>
  <system-out/>
  <testcase classname="com.Tests.LoginPageTest" name="step02_Click_Continue" time="1.422"/>
  <system-out/>
  <testcase classname="com.Tests.LoginPageTest" name="step03_enter_your_credentials" time="3.905"/>
  <system-out/>
</testsuite> <!-- com.Tests.LoginPageTest -->
