<?xml version="1.0" encoding="UTF-8"?>
<!-- Generated by org.testng.reporters.JUnitReportReporter -->
<testsuite hostname="DESKTOP-K3UR1P3" failures="0" tests="4" name="com.Tests.UploadSingleImageTest" time="18.350" errors="0" timestamp="2022-08-09T19:40:58 EDT" skipped="0">
  <testcase classname="com.Tests.UploadSingleImageTest" name="step04_uploadingSingleImage" time="11.331"/>
  <system-out/>
  <testcase classname="com.Tests.UploadSingleImageTest" name="step01_LaunchApplication_and_skip_presentation" time="2.057"/>
  <system-out/>
  <testcase classname="com.Tests.UploadSingleImageTest" name="step02_Click_Continue" time="1.170"/>
  <system-out/>
  <testcase classname="com.Tests.UploadSingleImageTest" name="step03_enter_your_credentials" time="3.792"/>
  <system-out/>
</testsuite> <!-- com.Tests.UploadSingleImageTest -->
